<?xml version="1.0" encoding="UTF-8"?>
<testsuite name="com.example.project.LinearCalculatorTest" tests="4" skipped="0" failures="0" errors="0" timestamp="2024-10-18T01:10:29" hostname="codespaces-c86a76" time="0.158">
  <properties/>
  <testcase name="testFindSymmetry()" classname="com.example.project.LinearCalculatorTest" time="0.032"/>
  <testcase name="testMidpoint()" classname="com.example.project.LinearCalculatorTest" time="0.054"/>
  <testcase name="testPrintInfo1()" classname="com.example.project.LinearCalculatorTest" time="0.043"/>
  <testcase name="testPrintInfo2()" classname="com.example.project.LinearCalculatorTest" time="0.017"/>
  <system-out><![CDATA[]]></system-out>
  <system-err><![CDATA[]]></system-err>
</testsuite>
